Determining if the pthread_create exist failed with the following output:
Change Dir: /home/night_fury/Documents/Qt_project/robot_system/log_system/build/CMakeFiles/CMakeTmp

Run Build Command:"/usr/bin/make" "cmTC_c5e39/fast"
/usr/bin/make -f CMakeFiles/cmTC_c5e39.dir/build.make CMakeFiles/cmTC_c5e39.dir/build
make[1]: Entering directory `/home/night_fury/Documents/Qt_project/robot_system/log_system/build/CMakeFiles/CMakeTmp'
Building C object CMakeFiles/cmTC_c5e39.dir/CheckSymbolExists.c.o
/usr/bin/cc     -o CMakeFiles/cmTC_c5e39.dir/CheckSymbolExists.c.o   -c /home/night_fury/Documents/Qt_project/robot_system/log_system/build/CMakeFiles/CMakeTmp/CheckSymbolExists.c
Linking C executable cmTC_c5e39
/home/night_fury/aplications/cmake-3.6.0-Linux-x86_64/bin/cmake -E cmake_link_script CMakeFiles/cmTC_c5e39.dir/link.txt --verbose=1
/usr/bin/cc       CMakeFiles/cmTC_c5e39.dir/CheckSymbolExists.c.o  -o cmTC_c5e39 -rdynamic 
CMakeFiles/cmTC_c5e39.dir/CheckSymbolExists.c.o: In function `main':
CheckSymbolExists.c:(.text+0x16): undefined reference to `pthread_create'
collect2: error: ld returned 1 exit status
make[1]: *** [cmTC_c5e39] Error 1
make[1]: Leaving directory `/home/night_fury/Documents/Qt_project/robot_system/log_system/build/CMakeFiles/CMakeTmp'
make: *** [cmTC_c5e39/fast] Error 2

File /home/night_fury/Documents/Qt_project/robot_system/log_system/build/CMakeFiles/CMakeTmp/CheckSymbolExists.c:
/* */
#include <pthread.h>

int main(int argc, char** argv)
{
  (void)argv;
#ifndef pthread_create
  return ((int*)(&pthread_create))[argc];
#else
  (void)argc;
  return 0;
#endif
}

Determining if the function pthread_create exists in the pthreads failed with the following output:
Change Dir: /home/night_fury/Documents/Qt_project/robot_system/log_system/build/CMakeFiles/CMakeTmp

Run Build Command:"/usr/bin/make" "cmTC_9697a/fast"
/usr/bin/make -f CMakeFiles/cmTC_9697a.dir/build.make CMakeFiles/cmTC_9697a.dir/build
make[1]: Entering directory `/home/night_fury/Documents/Qt_project/robot_system/log_system/build/CMakeFiles/CMakeTmp'
Building C object CMakeFiles/cmTC_9697a.dir/CheckFunctionExists.c.o
/usr/bin/cc    -DCHECK_FUNCTION_EXISTS=pthread_create   -o CMakeFiles/cmTC_9697a.dir/CheckFunctionExists.c.o   -c /home/night_fury/aplications/cmake-3.6.0-Linux-x86_64/share/cmake-3.6/Modules/CheckFunctionExists.c
Linking C executable cmTC_9697a
/home/night_fury/aplications/cmake-3.6.0-Linux-x86_64/bin/cmake -E cmake_link_script CMakeFiles/cmTC_9697a.dir/link.txt --verbose=1
/usr/bin/cc   -DCHECK_FUNCTION_EXISTS=pthread_create    CMakeFiles/cmTC_9697a.dir/CheckFunctionExists.c.o  -o cmTC_9697a -rdynamic -lpthreads 
/usr/bin/ld: cannot find -lpthreads
collect2: error: ld returned 1 exit status
make[1]: *** [cmTC_9697a] Error 1
make[1]: Leaving directory `/home/night_fury/Documents/Qt_project/robot_system/log_system/build/CMakeFiles/CMakeTmp'
make: *** [cmTC_9697a/fast] Error 2


Determining if the function sgesv exists failed with the following output:
Change Dir: /home/night_fury/Documents/Qt_project/robot_system/log_system/build/CMakeFiles/CMakeTmp

Run Build Command:"/usr/bin/make" "cmTC_a3f99/fast"
/usr/bin/make -f CMakeFiles/cmTC_a3f99.dir/build.make CMakeFiles/cmTC_a3f99.dir/build
make[1]: Entering directory `/home/night_fury/Documents/Qt_project/robot_system/log_system/build/CMakeFiles/CMakeTmp'
Building C object CMakeFiles/cmTC_a3f99.dir/CheckFunctionExists.c.o
/usr/bin/cc    -DCHECK_FUNCTION_EXISTS=sgesv   -o CMakeFiles/cmTC_a3f99.dir/CheckFunctionExists.c.o   -c /home/night_fury/aplications/cmake-3.6.0-Linux-x86_64/share/cmake-3.6/Modules/CheckFunctionExists.c
Linking C executable cmTC_a3f99
/home/night_fury/aplications/cmake-3.6.0-Linux-x86_64/bin/cmake -E cmake_link_script CMakeFiles/cmTC_a3f99.dir/link.txt --verbose=1
/usr/bin/cc   -DCHECK_FUNCTION_EXISTS=sgesv    CMakeFiles/cmTC_a3f99.dir/CheckFunctionExists.c.o  -o cmTC_a3f99 -rdynamic /usr/lib/liblapack.so 
CMakeFiles/cmTC_a3f99.dir/CheckFunctionExists.c.o: In function `main':
CheckFunctionExists.c:(.text+0x15): undefined reference to `sgesv'
collect2: error: ld returned 1 exit status
make[1]: *** [cmTC_a3f99] Error 1
make[1]: Leaving directory `/home/night_fury/Documents/Qt_project/robot_system/log_system/build/CMakeFiles/CMakeTmp'
make: *** [cmTC_a3f99/fast] Error 2


